2025-01-09 18:02:33 [main] INFO  testCases.TC001_AccountRegistrationTest - PROVIDE CUSOTMER DETAILS....

2025-01-09 18:02:33 [main] INFO  testCases.TC001_AccountRegistrationTest - VALIDATING EXPECTED MESSAGE...

2025-01-09 18:02:34 [main] INFO  testCases.TC001_AccountRegistrationTest - ###########>>>>><<<<<<<FINISHED TC001_AccountRegistrationTest>>>>>><<<<<#########

2025-01-09 18:02:34 [main] INFO  testCases.TC002_Login - ###########>>>>><<<<<<<STARTING TC002_Login>>>>>><<<<<#########

2025-01-09 18:02:34 [main] INFO  testCases.TC002_Login - CLICKED ON MY ACCOUNT

2025-01-09 18:02:34 [main] INFO  testCases.TC002_Login - CLICKED ON MY LOGIN

2025-01-09 18:02:35 [main] INFO  testCases.TC002_Login - CLICKED ON LOGIN BUTTON

2025-01-09 18:02:35 [main] INFO  testCases.TC002_Login - VALIDATING EXPECTED MESSAGE...

2025-01-09 18:02:35 [main] INFO  testCases.TC002_Login - ACCOUNT LOGGED IN !!! 

2025-01-09 18:02:35 [main] INFO  testCases.TC002_Login - ACCOUNT LOGGED OUT !!!

2025-01-09 18:02:35 [main] INFO  testCases.TC002_Login - ###########>>>>><<<<<<<FINISHED TC002_Login>>>>>><<<<<#########

2025-01-09 18:05:35 [main] INFO  testCases.TC001_AccountRegistrationTest - ###########>>>>><<<<<<<STARTING TC001_AccountRegistrationTest>>>>>><<<<<#########

2025-01-09 18:05:36 [main] INFO  testCases.TC001_AccountRegistrationTest - CLICKED ON MY ACCOUNT LINK

2025-01-09 18:05:36 [main] INFO  testCases.TC001_AccountRegistrationTest - CLICKED ON REGISTERED LINK

2025-01-09 18:05:36 [main] INFO  testCases.TC001_AccountRegistrationTest - PROVIDE CUSOTMER DETAILS....

2025-01-09 18:05:36 [main] INFO  testCases.TC001_AccountRegistrationTest - VALIDATING EXPECTED MESSAGE...

2025-01-09 18:05:36 [main] INFO  testCases.TC001_AccountRegistrationTest - ###########>>>>><<<<<<<FINISHED TC001_AccountRegistrationTest>>>>>><<<<<#########

2025-01-09 18:05:37 [main] INFO  testCases.TC002_Login - ###########>>>>><<<<<<<STARTING TC002_Login>>>>>><<<<<#########

2025-01-09 18:05:37 [main] INFO  testCases.TC002_Login - CLICKED ON MY ACCOUNT

2025-01-09 18:05:37 [main] INFO  testCases.TC002_Login - CLICKED ON MY LOGIN

2025-01-09 18:05:37 [main] INFO  testCases.TC002_Login - CLICKED ON LOGIN BUTTON

2025-01-09 18:05:37 [main] INFO  testCases.TC002_Login - VALIDATING EXPECTED MESSAGE...

2025-01-09 18:05:37 [main] INFO  testCases.TC002_Login - ACCOUNT LOGGED IN !!! 

2025-01-09 18:05:38 [main] INFO  testCases.TC002_Login - ACCOUNT LOGGED OUT !!!

2025-01-09 18:05:38 [main] INFO  testCases.TC002_Login - ###########>>>>><<<<<<<FINISHED TC002_Login>>>>>><<<<<#########

